0 info it worked if it ends with ok
1 verbose cli [ '/usr/local/bin/node',
1 verbose cli   '/usr/local/bin/npm',
1 verbose cli   'start',
1 verbose cli   '--',
1 verbose cli   '--sess-ip',
1 verbose cli   'arvind.wiziq.com',
1 verbose cli   '--ssl=true' ]
2 info using npm@3.3.12
3 info using node@v5.4.1
4 verbose run-script [ 'prestart', 'start', 'poststart' ]
5 info lifecycle umbrella@0.0.1~prestart: umbrella@0.0.1
6 silly lifecycle umbrella@0.0.1~prestart: no script for prestart, continuing
7 info lifecycle umbrella@0.0.1~start: umbrella@0.0.1
8 verbose lifecycle umbrella@0.0.1~start: unsafe-perm in lifecycle true
9 verbose lifecycle umbrella@0.0.1~start: PATH: /usr/local/lib/node_modules/npm/bin/node-gyp-bin:/home/arvind/wvc/common/apps/node_modules/.bin:/usr/local/sbin:/usr/local/bin:/usr/sbin:/usr/bin:/sbin:/bin:/usr/games:/usr/local/games
10 verbose lifecycle umbrella@0.0.1~start: CWD: /home/arvind/wvc/common/apps
11 silly lifecycle umbrella@0.0.1~start: Args: [ '-c',
11 silly lifecycle   'node app.js "--sess-ip" "arvind.wiziq.com" "--ssl=true"' ]
12 silly lifecycle umbrella@0.0.1~start: Returned: code: 1  signal: null
13 info lifecycle umbrella@0.0.1~start: Failed to exec start script
14 verbose stack Error: umbrella@0.0.1 start: `node app.js "--sess-ip" "arvind.wiziq.com" "--ssl=true"`
14 verbose stack Exit status 1
14 verbose stack     at EventEmitter.<anonymous> (/usr/local/lib/node_modules/npm/lib/utils/lifecycle.js:232:16)
14 verbose stack     at emitTwo (events.js:87:13)
14 verbose stack     at EventEmitter.emit (events.js:172:7)
14 verbose stack     at ChildProcess.<anonymous> (/usr/local/lib/node_modules/npm/lib/utils/spawn.js:24:14)
14 verbose stack     at emitTwo (events.js:87:13)
14 verbose stack     at ChildProcess.emit (events.js:172:7)
14 verbose stack     at maybeClose (internal/child_process.js:821:16)
14 verbose stack     at Process.ChildProcess._handle.onexit (internal/child_process.js:211:5)
15 verbose pkgid umbrella@0.0.1
16 verbose cwd /home/arvind/wvc/common/apps
17 error Linux 3.19.0-47-generic
18 error argv "/usr/local/bin/node" "/usr/local/bin/npm" "start" "--" "--sess-ip" "arvind.wiziq.com" "--ssl=true"
19 error node v5.4.1
20 error npm  v3.3.12
21 error code ELIFECYCLE
22 error umbrella@0.0.1 start: `node app.js "--sess-ip" "arvind.wiziq.com" "--ssl=true"`
22 error Exit status 1
23 error Failed at the umbrella@0.0.1 start script 'node app.js "--sess-ip" "arvind.wiziq.com" "--ssl=true"'.
23 error Make sure you have the latest version of node.js and npm installed.
23 error If you do, this is most likely a problem with the umbrella package,
23 error not with npm itself.
23 error Tell the author that this fails on your system:
23 error     node app.js "--sess-ip" "arvind.wiziq.com" "--ssl=true"
23 error You can get their info via:
23 error     npm owner ls umbrella
23 error There is likely additional logging output above.
24 verbose exit [ 1, true ]
